

================================================================
== Vivado HLS Report for 'backward_lite'
================================================================
* Date:           Thu Jan 31 22:05:53 2019

* Version:        2018.2 (Build 2258646 on Thu Jun 14 20:25:20 MDT 2018)
* Project:        backward_lite
* Solution:       solution1
* Product family: zynq
* Target device:  xc7z020clg400-1


================================================================
== Performance Estimates
================================================================
+ Timing (ns): 
    * Summary: 
    +--------+-------+----------+------------+
    |  Clock | Target| Estimated| Uncertainty|
    +--------+-------+----------+------------+
    |ap_clk  |  10.00|     8.564|        1.25|
    +--------+-------+----------+------------+

+ Latency (clock cycles): 
    * Summary: 
    +-----+-----+-----+-----+---------+
    |  Latency  |  Interval | Pipeline|
    | min | max | min | max |   Type  |
    +-----+-----+-----+-----+---------+
    |  596|  596|  596|  596|   none  |
    +-----+-----+-----+-----+---------+

    + Detail: 
        * Instance: 
        N/A

        * Loop: 
        +----------+-----+-----+----------+-----------+-----------+------+----------+
        |          |  Latency  | Iteration|  Initiation Interval  | Trip |          |
        | Loop Name| min | max |  Latency |  achieved |   target  | Count| Pipelined|
        +----------+-----+-----+----------+-----------+-----------+------+----------+
        |- Loop 1  |   34|   34|         4|          1|          1|    32|    yes   |
        |- Loop 2  |   34|   34|         4|          1|          1|    32|    yes   |
        |- Loop 3  |  162|  162|         4|          1|          1|   160|    yes   |
        |- Loop 4  |   84|   84|        54|          1|          1|    32|    yes   |
        |- Loop 5  |   64|   64|         2|          -|          -|    32|    no    |
        |- Loop 6  |  192|  192|         6|          -|          -|    32|    no    |
        +----------+-----+-----+----------+-----------+-----------+------+----------+



================================================================
== Utilization Estimates
================================================================
* Summary: 
+-----------------+---------+-------+--------+-------+
|       Name      | BRAM_18K| DSP48E|   FF   |  LUT  |
+-----------------+---------+-------+--------+-------+
|DSP              |        -|      -|       -|      -|
|Expression       |        -|     15|     240|   4389|
|FIFO             |        -|      -|       -|      -|
|Instance         |        0|      0|    7045|   7144|
|Memory           |        6|      -|       0|      0|
|Multiplexer      |        -|      -|       -|    525|
|Register         |        0|      -|    2572|    320|
+-----------------+---------+-------+--------+-------+
|Total            |        6|     15|    9857|  12378|
+-----------------+---------+-------+--------+-------+
|Available        |      280|    220|  106400|  53200|
+-----------------+---------+-------+--------+-------+
|Utilization (%)  |        2|      6|       9|     23|
+-----------------+---------+-------+--------+-------+

+ Detail: 
    * Instance: 
    +--------------------------------+------------------------------+---------+-------+------+------+
    |            Instance            |            Module            | BRAM_18K| DSP48E|  FF  |  LUT |
    +--------------------------------+------------------------------+---------+-------+------+------+
    |backward_lite_AXILiteS_s_axi_U  |backward_lite_AXILiteS_s_axi  |        0|      0|   258|   424|
    |backward_lite_fpeg8j_U6         |backward_lite_fpeg8j          |        0|      0|   100|   138|
    |backward_lite_sdihbi_U7         |backward_lite_sdihbi          |        0|      0|  4987|  3812|
    |backward_lite_uitfYi_U1         |backward_lite_uitfYi          |        0|      0|   340|   554|
    |backward_lite_uitfYi_U2         |backward_lite_uitfYi          |        0|      0|   340|   554|
    |backward_lite_uitfYi_U3         |backward_lite_uitfYi          |        0|      0|   340|   554|
    |backward_lite_uitfYi_U4         |backward_lite_uitfYi          |        0|      0|   340|   554|
    |backward_lite_uitfYi_U5         |backward_lite_uitfYi          |        0|      0|   340|   554|
    +--------------------------------+------------------------------+---------+-------+------+------+
    |Total                           |                              |        0|      0|  7045|  7144|
    +--------------------------------+------------------------------+---------+-------+------+------+

    * DSP48: 
    N/A

    * Memory: 
    +-----------------+----------------------+---------+---+----+------+-----+------+-------------+
    |      Memory     |        Module        | BRAM_18K| FF| LUT| Words| Bits| Banks| W*Bits*Banks|
    +-----------------+----------------------+---------+---+----+------+-----+------+-------------+
    |batch_x_mat_V_U  |backward_lite_batcud  |        2|  0|   0|   160|   32|     1|         5120|
    |nn_out_mat_V_U   |backward_lite_nn_dEe  |        1|  0|   0|    32|   32|     1|         1024|
    |batch_y_mat_V_U  |backward_lite_nn_dEe  |        1|  0|   0|    32|   32|     1|         1024|
    |smooth_grad_V_U  |backward_lite_smobkb  |        2|  0|   0|    32|   32|     1|         1024|
    +-----------------+----------------------+---------+---+----+------+-----+------+-------------+
    |Total            |                      |        6|  0|   0|   256|  128|     4|         8192|
    +-----------------+----------------------+---------+---+----+------+-----+------+-------------+

    * FIFO: 
    N/A

    * Expression: 
    +-----------------------------------+----------+-------+----+-----+------------+------------+
    |           Variable Name           | Operation| DSP48E| FF | LUT | Bitwidth P0| Bitwidth P1|
    +-----------------------------------+----------+-------+----+-----+------------+------------+
    |p_Val2_12_fu_1737_p2               |     *    |      3|   0|   20|          32|          32|
    |p_Val2_14_fu_1780_p2               |     *    |      3|   0|   20|          32|          32|
    |p_Val2_16_fu_1799_p2               |     *    |      3|   0|   20|          32|          32|
    |p_Val2_18_fu_1828_p2               |     *    |      3|   0|   20|          32|          32|
    |p_Val2_7_fu_1717_p2                |     *    |      3|   0|   20|          32|          32|
    |bias_temp_V_fu_1511_p2             |     +    |      0|   0|   39|          32|          32|
    |i_10_fu_1393_p2                    |     +    |      0|   0|   15|           6|           1|
    |i_11_fu_1636_p2                    |     +    |      0|   0|   15|           6|           1|
    |i_6_fu_543_p2                      |     +    |      0|   0|   15|           6|           1|
    |i_7_fu_829_p2                      |     +    |      0|   0|   15|           1|           7|
    |i_8_fu_1494_p2                     |     +    |      0|   0|   15|           6|           1|
    |i_9_fu_1114_p2                     |     +    |      0|   0|   15|           1|           8|
    |p_Repl2_10_trunc_fu_2289_p2        |     +    |      0|   0|    8|           8|           8|
    |p_Repl2_13_trunc_fu_2333_p2        |     +    |      0|   0|    8|           8|           8|
    |p_Repl2_16_trunc_fu_2377_p2        |     +    |      0|   0|    8|           8|           8|
    |p_Repl2_1_trunc_fu_1594_p2         |     +    |      0|   0|    8|           8|           8|
    |p_Repl2_4_trunc_fu_2201_p2         |     +    |      0|   0|    8|           8|           8|
    |p_Repl2_7_trunc_fu_2245_p2         |     +    |      0|   0|    8|           8|           8|
    |tmp_10_fu_823_p2                   |     +    |      0|   0|   15|           7|           7|
    |tmp_20_fu_910_p2                   |     +    |      0|   0|   12|           6|          12|
    |tmp_26_fu_1108_p2                  |     +    |      0|   0|   15|           8|           8|
    |tmp_38_fu_1195_p2                  |     +    |      0|   0|   12|           6|          12|
    |tmp_5_fu_624_p2                    |     +    |      0|   0|   12|           6|          12|
    |w1_temp_V_fu_1766_p2               |     +    |      0|   0|   39|          32|          32|
    |w2_temp_V_fu_1771_p2               |     +    |      0|   0|   39|          32|          32|
    |w3_temp_V_fu_1814_p2               |     +    |      0|   0|   39|          32|          32|
    |w4_temp_V_fu_1819_p2               |     +    |      0|   0|   39|          32|          32|
    |w5_temp_V_fu_1843_p2               |     +    |      0|   0|   39|          32|          32|
    |F2_1_fu_898_p2                     |     -    |      0|   0|   12|          11|          12|
    |F2_2_fu_1183_p2                    |     -    |      0|   0|   12|          11|          12|
    |F2_fu_612_p2                       |     -    |      0|   0|   12|          11|          12|
    |abs_dif_V_3_fu_1405_p2             |     -    |      0|   0|   39|          32|          32|
    |abs_dif_V_fu_1419_p2               |     -    |      0|   0|   39|           1|          32|
    |man_V_1_fu_599_p2                  |     -    |      0|   0|   61|           1|          54|
    |man_V_4_fu_885_p2                  |     -    |      0|   0|   61|           1|          54|
    |man_V_7_fu_1170_p2                 |     -    |      0|   0|   61|           1|          54|
    |tmp_101_fu_2369_p2                 |     -    |      0|   0|    8|           8|           8|
    |tmp_21_fu_916_p2                   |     -    |      0|   0|   12|           5|          12|
    |tmp_39_fu_1201_p2                  |     -    |      0|   0|   12|           5|          12|
    |tmp_58_fu_1505_p2                  |     -    |      0|   0|   39|           1|          32|
    |tmp_60_fu_1586_p2                  |     -    |      0|   0|    8|           8|           8|
    |tmp_66_fu_1659_p2                  |     -    |      0|   0|   39|           1|          32|
    |tmp_68_fu_2193_p2                  |     -    |      0|   0|    8|           8|           8|
    |tmp_73_fu_1665_p2                  |     -    |      0|   0|   39|           1|          32|
    |tmp_75_fu_2237_p2                  |     -    |      0|   0|    8|           8|           8|
    |tmp_79_fu_1671_p2                  |     -    |      0|   0|   39|           1|          32|
    |tmp_7_fu_630_p2                    |     -    |      0|   0|   12|           5|          12|
    |tmp_84_fu_2281_p2                  |     -    |      0|   0|    8|           8|           8|
    |tmp_91_fu_1677_p2                  |     -    |      0|   0|   39|           1|          32|
    |tmp_94_fu_2325_p2                  |     -    |      0|   0|    8|           8|           8|
    |tmp_99_fu_1683_p2                  |     -    |      0|   0|   39|           1|          32|
    |ap_block_pp0_stage0_11001          |    and   |      0|   0|    2|           1|           1|
    |ap_block_pp1_stage0_11001          |    and   |      0|   0|    2|           1|           1|
    |ap_block_pp2_stage0_11001          |    and   |      0|   0|    2|           1|           1|
    |ap_block_state13_pp2_stage0_iter1  |    and   |      0|   0|    2|           1|           1|
    |ap_block_state3_pp0_stage0_iter1   |    and   |      0|   0|    2|           1|           1|
    |ap_block_state8_pp1_stage0_iter1   |    and   |      0|   0|    2|           1|           1|
    |in_stream_data_0_load_A            |    and   |      0|   0|    2|           1|           1|
    |in_stream_data_0_load_B            |    and   |      0|   0|    2|           1|           1|
    |sel_tmp10_fu_1033_p2               |    and   |      0|   0|    2|           1|           1|
    |sel_tmp12_fu_967_p2                |    and   |      0|   0|    2|           1|           1|
    |sel_tmp14_fu_1044_p2               |    and   |      0|   0|    2|           1|           1|
    |sel_tmp15_fu_1049_p2               |    and   |      0|   0|    2|           1|           1|
    |sel_tmp17_fu_985_p2                |    and   |      0|   0|    2|           1|           1|
    |sel_tmp19_fu_1318_p2               |    and   |      0|   0|    2|           1|           1|
    |sel_tmp21_fu_1252_p2               |    and   |      0|   0|    2|           1|           1|
    |sel_tmp23_fu_1329_p2               |    and   |      0|   0|    2|           1|           1|
    |sel_tmp24_fu_1334_p2               |    and   |      0|   0|    2|           1|           1|
    |sel_tmp26_fu_1270_p2               |    and   |      0|   0|    2|           1|           1|
    |sel_tmp2_fu_748_p2                 |    and   |      0|   0|    2|           1|           1|
    |sel_tmp4_fu_699_p2                 |    and   |      0|   0|    2|           1|           1|
    |sel_tmp7_fu_681_p2                 |    and   |      0|   0|    2|           1|           1|
    |sel_tmp9_fu_759_p2                 |    and   |      0|   0|    2|           1|           1|
    |sel_tmp_fu_764_p2                  |    and   |      0|   0|    2|           1|           1|
    |tmp_17_fu_722_p2                   |   ashr   |      0|   0|  162|          54|          54|
    |tmp_34_fu_1007_p2                  |   ashr   |      0|   0|  162|          54|          54|
    |tmp_44_fu_1292_p2                  |   ashr   |      0|   0|  162|          54|          54|
    |num_zeros_1_fu_1879_p3             |   cttz   |      0|  40|   36|          32|           0|
    |num_zeros_2_fu_1928_p3             |   cttz   |      0|  40|   36|          32|           0|
    |num_zeros_3_fu_1977_p3             |   cttz   |      0|  40|   36|          32|           0|
    |num_zeros_4_fu_2026_p3             |   cttz   |      0|  40|   36|          32|           0|
    |num_zeros_5_fu_2075_p3             |   cttz   |      0|  40|   36|          32|           0|
    |num_zeros_fu_1548_p3               |   cttz   |      0|  40|   36|          32|           0|
    |exitcond1_fu_537_p2                |   icmp   |      0|   0|   11|           6|           7|
    |exitcond2_fu_817_p2                |   icmp   |      0|   0|   11|           7|           8|
    |exitcond3_fu_1102_p2               |   icmp   |      0|   0|   11|           8|           7|
    |exitcond4_fu_1387_p2               |   icmp   |      0|   0|   11|           6|           7|
    |exitcond5_fu_1488_p2               |   icmp   |      0|   0|   11|           6|           7|
    |exitcond_fu_1630_p2                |   icmp   |      0|   0|   11|           6|           7|
    |icmp1_fu_1235_p2                   |   icmp   |      0|   0|   11|           7|           1|
    |icmp2_fu_1444_p2                   |   icmp   |      0|   0|   13|          16|           1|
    |icmp7_fu_950_p2                    |   icmp   |      0|   0|   11|           7|           1|
    |icmp_fu_664_p2                     |   icmp   |      0|   0|   11|           7|           1|
    |in_stream_data_0_state_cmp_full    |   icmp   |      0|   0|    8|           2|           1|
    |tmp_100_fu_2187_p2                 |   icmp   |      0|   0|   11|           8|           8|
    |tmp_16_fu_865_p2                   |   icmp   |      0|   0|   29|          63|           1|
    |tmp_19_fu_904_p2                   |   icmp   |      0|   0|   13|          12|           5|
    |tmp_22_fu_930_p2                   |   icmp   |      0|   0|   13|          12|           5|
    |tmp_24_fu_998_p2                   |   icmp   |      0|   0|   13|          12|           6|
    |tmp_2_fu_579_p2                    |   icmp   |      0|   0|   29|          63|           1|
    |tmp_32_fu_1150_p2                  |   icmp   |      0|   0|   29|          63|           1|
    |tmp_37_fu_1189_p2                  |   icmp   |      0|   0|   13|          12|           5|
    |tmp_3_fu_713_p2                    |   icmp   |      0|   0|   13|          12|           6|
    |tmp_40_fu_1215_p2                  |   icmp   |      0|   0|   13|          12|           5|
    |tmp_41_fu_1283_p2                  |   icmp   |      0|   0|   13|          12|           6|
    |tmp_4_fu_618_p2                    |   icmp   |      0|   0|   13|          12|           5|
    |tmp_57_fu_1517_p2                  |   icmp   |      0|   0|   18|          32|           1|
    |tmp_59_fu_1580_p2                  |   icmp   |      0|   0|   11|           8|           8|
    |tmp_65_fu_1848_p2                  |   icmp   |      0|   0|   18|          32|           1|
    |tmp_67_fu_2107_p2                  |   icmp   |      0|   0|   11|           8|           8|
    |tmp_72_fu_1897_p2                  |   icmp   |      0|   0|   18|          32|           1|
    |tmp_74_fu_2127_p2                  |   icmp   |      0|   0|   11|           8|           8|
    |tmp_78_fu_1946_p2                  |   icmp   |      0|   0|   18|          32|           1|
    |tmp_81_fu_2147_p2                  |   icmp   |      0|   0|   11|           8|           8|
    |tmp_90_fu_1995_p2                  |   icmp   |      0|   0|   18|          32|           1|
    |tmp_93_fu_2167_p2                  |   icmp   |      0|   0|   11|           8|           8|
    |tmp_98_fu_2044_p2                  |   icmp   |      0|   0|   18|          32|           1|
    |tmp_9_fu_644_p2                    |   icmp   |      0|   0|   13|          12|           5|
    |or_cond1_fu_788_p2                 |    or    |      0|   0|    2|           1|           1|
    |or_cond2_fu_802_p2                 |    or    |      0|   0|    2|           1|           1|
    |or_cond3_fu_1061_p2                |    or    |      0|   0|    2|           1|           1|
    |or_cond4_fu_1073_p2                |    or    |      0|   0|    2|           1|           1|
    |or_cond5_fu_1087_p2                |    or    |      0|   0|    2|           1|           1|
    |or_cond6_fu_1346_p2                |    or    |      0|   0|    2|           1|           1|
    |or_cond7_fu_1358_p2                |    or    |      0|   0|    2|           1|           1|
    |or_cond8_fu_1372_p2                |    or    |      0|   0|    2|           1|           1|
    |or_cond_fu_776_p2                  |    or    |      0|   0|    2|           1|           1|
    |sel_tmp21_demorgan_fu_687_p2       |    or    |      0|   0|    2|           1|           1|
    |sel_tmp31_demorgan_fu_956_p2       |    or    |      0|   0|    2|           1|           1|
    |sel_tmp46_demorgan_fu_973_p2       |    or    |      0|   0|    2|           1|           1|
    |sel_tmp56_demorgan_fu_1241_p2      |    or    |      0|   0|    2|           1|           1|
    |sel_tmp6_demorgan_fu_670_p2        |    or    |      0|   0|    2|           1|           1|
    |sel_tmp71_demorgan_fu_1258_p2      |    or    |      0|   0|    2|           1|           1|
    |abs_dif_V_1_fu_1424_p3             |  select  |      0|   0|   32|           1|          32|
    |batch_x_mat_V_d0                   |  select  |      0|   0|   32|           1|          32|
    |batch_y_mat_V_d0                   |  select  |      0|   0|   32|           1|          32|
    |bias                               |  select  |      0|   0|   32|           1|           1|
    |man_V_2_fu_605_p3                  |  select  |      0|   0|   54|           1|          54|
    |man_V_5_fu_891_p3                  |  select  |      0|   0|   54|           1|          54|
    |man_V_8_fu_1176_p3                 |  select  |      0|   0|   54|           1|          54|
    |newSel10_fu_1364_p3                |  select  |      0|   0|   32|           1|          32|
    |newSel1_fu_781_p3                  |  select  |      0|   0|   32|           1|          32|
    |newSel2_fu_794_p3                  |  select  |      0|   0|   32|           1|          32|
    |newSel4_fu_1054_p3                 |  select  |      0|   0|   32|           1|          32|
    |newSel5_fu_1066_p3                 |  select  |      0|   0|   32|           1|          32|
    |newSel6_fu_1079_p3                 |  select  |      0|   0|   32|           1|          32|
    |newSel8_fu_1339_p3                 |  select  |      0|   0|   32|           1|          32|
    |newSel9_fu_1351_p3                 |  select  |      0|   0|   32|           1|          32|
    |newSel_fu_769_p3                   |  select  |      0|   0|   32|           1|          32|
    |nn_out_mat_V_d0                    |  select  |      0|   0|   32|           1|          32|
    |p_Val2_36_fu_1531_p3               |  select  |      0|   0|   32|           1|          32|
    |p_Val2_37_fu_1862_p3               |  select  |      0|   0|   32|           1|          32|
    |p_Val2_38_fu_1911_p3               |  select  |      0|   0|   32|           1|          32|
    |p_Val2_39_fu_1960_p3               |  select  |      0|   0|   32|           1|          32|
    |p_Val2_40_fu_2058_p3               |  select  |      0|   0|   32|           1|          32|
    |p_Val2_s_fu_2009_p3                |  select  |      0|   0|   32|           1|          32|
    |sh_amt_1_fu_922_p3                 |  select  |      0|   0|   12|           1|          12|
    |sh_amt_2_fu_1207_p3                |  select  |      0|   0|   12|           1|          12|
    |sh_amt_fu_636_p3                   |  select  |      0|   0|   12|           1|          12|
    |storemerge2_fu_1016_p3             |  select  |      0|   0|    2|           1|           2|
    |storemerge4_fu_1301_p3             |  select  |      0|   0|    2|           1|           2|
    |storemerge_fu_731_p3               |  select  |      0|   0|    2|           1|           2|
    |w1                                 |  select  |      0|   0|   32|           1|           1|
    |w2                                 |  select  |      0|   0|   32|           1|           1|
    |w3                                 |  select  |      0|   0|   32|           1|           1|
    |w4                                 |  select  |      0|   0|   32|           1|           1|
    |w5                                 |  select  |      0|   0|   32|           1|           1|
    |tmp32_V_14_fu_1985_p2              |    shl   |      0|   0|  101|          32|          32|
    |tmp32_V_18_fu_2034_p2              |    shl   |      0|   0|  101|          32|          32|
    |tmp32_V_1_fu_1556_p2               |    shl   |      0|   0|  101|          32|          32|
    |tmp32_V_23_fu_2083_p2              |    shl   |      0|   0|  101|          32|          32|
    |tmp32_V_3_fu_1887_p2               |    shl   |      0|   0|  101|          32|          32|
    |tmp32_V_7_fu_1936_p2               |    shl   |      0|   0|  101|          32|          32|
    |tmp_18_fu_738_p2                   |    shl   |      0|   0|  101|          32|          32|
    |tmp_35_fu_1023_p2                  |    shl   |      0|   0|  101|          32|          32|
    |tmp_45_fu_1308_p2                  |    shl   |      0|   0|  101|          32|          32|
    |ap_enable_pp0                      |    xor   |      0|   0|    2|           1|           2|
    |ap_enable_pp1                      |    xor   |      0|   0|    2|           1|           2|
    |ap_enable_pp2                      |    xor   |      0|   0|    2|           1|           2|
    |ap_enable_pp3                      |    xor   |      0|   0|    2|           1|           2|
    |ap_enable_reg_pp0_iter1            |    xor   |      0|   0|    2|           2|           1|
    |ap_enable_reg_pp1_iter1            |    xor   |      0|   0|    2|           2|           1|
    |ap_enable_reg_pp2_iter1            |    xor   |      0|   0|    2|           2|           1|
    |ap_enable_reg_pp3_iter1            |    xor   |      0|   0|    2|           2|           1|
    |sel_tmp11_fu_961_p2                |    xor   |      0|   0|    2|           1|           2|
    |sel_tmp13_fu_1038_p2               |    xor   |      0|   0|    2|           1|           2|
    |sel_tmp16_fu_979_p2                |    xor   |      0|   0|    2|           1|           2|
    |sel_tmp18_fu_1313_p2               |    xor   |      0|   0|    2|           1|           2|
    |sel_tmp1_fu_743_p2                 |    xor   |      0|   0|    2|           1|           2|
    |sel_tmp20_fu_1246_p2               |    xor   |      0|   0|    2|           1|           2|
    |sel_tmp22_fu_1323_p2               |    xor   |      0|   0|    2|           1|           2|
    |sel_tmp25_fu_1264_p2               |    xor   |      0|   0|    2|           1|           2|
    |sel_tmp3_fu_693_p2                 |    xor   |      0|   0|    2|           1|           2|
    |sel_tmp5_fu_1028_p2                |    xor   |      0|   0|    2|           1|           2|
    |sel_tmp6_fu_675_p2                 |    xor   |      0|   0|    2|           1|           2|
    |sel_tmp8_fu_753_p2                 |    xor   |      0|   0|    2|           1|           2|
    |tmp_82_fu_1648_p2                  |    xor   |      0|   0|    7|           6|           7|
    +-----------------------------------+----------+-------+----+-----+------------+------------+
    |Total                              |          |     15| 240| 4389|        1956|        2510|
    +-----------------------------------+----------+-------+----+-----+------------+------------+

    * Multiplexer: 
    +----------------------------+-----+-----------+-----+-----------+
    |            Name            | LUT | Input Size| Bits| Total Bits|
    +----------------------------+-----+-----------+-----+-----------+
    |ap_NS_fsm                   |  153|         34|    1|         34|
    |ap_enable_reg_pp0_iter1     |    9|          2|    1|          2|
    |ap_enable_reg_pp0_iter3     |    9|          2|    1|          2|
    |ap_enable_reg_pp1_iter1     |    9|          2|    1|          2|
    |ap_enable_reg_pp1_iter3     |    9|          2|    1|          2|
    |ap_enable_reg_pp2_iter1     |    9|          2|    1|          2|
    |ap_enable_reg_pp2_iter3     |    9|          2|    1|          2|
    |ap_enable_reg_pp3_iter1     |    9|          2|    1|          2|
    |ap_enable_reg_pp3_iter53    |    9|          2|    1|          2|
    |ap_phi_mux_i_phi_fu_368_p4  |    9|          2|    6|         12|
    |batch_x_mat_V_address0      |   21|          4|    8|         32|
    |batch_x_mat_V_address1      |   21|          4|    8|         32|
    |batch_y_mat_V_address0      |   15|          3|    5|         15|
    |grp_fu_504_p0               |   15|          3|   32|         96|
    |i_1_reg_376                 |    9|          2|    7|         14|
    |i_2_reg_387                 |    9|          2|    8|         16|
    |i_3_reg_398                 |    9|          2|    6|         12|
    |i_4_reg_421                 |    9|          2|    6|         12|
    |i_5_reg_492                 |    9|          2|    6|         12|
    |i_reg_364                   |    9|          2|    6|         12|
    |in_stream_TDATA_blk_n       |    9|          2|    1|          2|
    |in_stream_data_0_data_out   |    9|          2|   32|         64|
    |in_stream_data_0_state      |   15|          3|    2|          6|
    |in_stream_last_0_state      |   15|          3|    2|          6|
    |nn_out_mat_V_address0       |   15|          3|    5|         15|
    |p_Val2_32_reg_432           |    9|          2|   32|         64|
    |p_Val2_3_reg_468            |    9|          2|   32|         64|
    |p_Val2_4_reg_480            |    9|          2|   32|         64|
    |p_Val2_6_reg_409            |    9|          2|   32|         64|
    |p_Val2_8_reg_444            |    9|          2|   32|         64|
    |p_Val2_9_reg_456            |    9|          2|   32|         64|
    |reg_527                     |    9|          2|   32|         64|
    |reg_532                     |    9|          2|   32|         64|
    |smooth_grad_V_address0      |   15|          3|    5|         15|
    |smooth_grad_V_address1      |   15|          3|    5|         15|
    +----------------------------+-----+-----------+-----+-----------+
    |Total                       |  525|        113|  415|        950|
    +----------------------------+-----+-----------+-----+-----------+

    * Register: 
    +--------------------------------+----+----+-----+-----------+
    |              Name              | FF | LUT| Bits| Const Bits|
    +--------------------------------+----+----+-----+-----------+
    |OP1_V_cast_reg_2791             |  48|   0|   48|          0|
    |abs_dif_V_3_reg_2643            |  32|   0|   32|          0|
    |ap_CS_fsm                       |  33|   0|   33|          0|
    |ap_enable_reg_pp0_iter0         |   1|   0|    1|          0|
    |ap_enable_reg_pp0_iter1         |   1|   0|    1|          0|
    |ap_enable_reg_pp0_iter2         |   1|   0|    1|          0|
    |ap_enable_reg_pp0_iter3         |   1|   0|    1|          0|
    |ap_enable_reg_pp1_iter0         |   1|   0|    1|          0|
    |ap_enable_reg_pp1_iter1         |   1|   0|    1|          0|
    |ap_enable_reg_pp1_iter2         |   1|   0|    1|          0|
    |ap_enable_reg_pp1_iter3         |   1|   0|    1|          0|
    |ap_enable_reg_pp2_iter0         |   1|   0|    1|          0|
    |ap_enable_reg_pp2_iter1         |   1|   0|    1|          0|
    |ap_enable_reg_pp2_iter2         |   1|   0|    1|          0|
    |ap_enable_reg_pp2_iter3         |   1|   0|    1|          0|
    |ap_enable_reg_pp3_iter0         |   1|   0|    1|          0|
    |ap_enable_reg_pp3_iter1         |   1|   0|    1|          0|
    |ap_enable_reg_pp3_iter10        |   1|   0|    1|          0|
    |ap_enable_reg_pp3_iter11        |   1|   0|    1|          0|
    |ap_enable_reg_pp3_iter12        |   1|   0|    1|          0|
    |ap_enable_reg_pp3_iter13        |   1|   0|    1|          0|
    |ap_enable_reg_pp3_iter14        |   1|   0|    1|          0|
    |ap_enable_reg_pp3_iter15        |   1|   0|    1|          0|
    |ap_enable_reg_pp3_iter16        |   1|   0|    1|          0|
    |ap_enable_reg_pp3_iter17        |   1|   0|    1|          0|
    |ap_enable_reg_pp3_iter18        |   1|   0|    1|          0|
    |ap_enable_reg_pp3_iter19        |   1|   0|    1|          0|
    |ap_enable_reg_pp3_iter2         |   1|   0|    1|          0|
    |ap_enable_reg_pp3_iter20        |   1|   0|    1|          0|
    |ap_enable_reg_pp3_iter21        |   1|   0|    1|          0|
    |ap_enable_reg_pp3_iter22        |   1|   0|    1|          0|
    |ap_enable_reg_pp3_iter23        |   1|   0|    1|          0|
    |ap_enable_reg_pp3_iter24        |   1|   0|    1|          0|
    |ap_enable_reg_pp3_iter25        |   1|   0|    1|          0|
    |ap_enable_reg_pp3_iter26        |   1|   0|    1|          0|
    |ap_enable_reg_pp3_iter27        |   1|   0|    1|          0|
    |ap_enable_reg_pp3_iter28        |   1|   0|    1|          0|
    |ap_enable_reg_pp3_iter29        |   1|   0|    1|          0|
    |ap_enable_reg_pp3_iter3         |   1|   0|    1|          0|
    |ap_enable_reg_pp3_iter30        |   1|   0|    1|          0|
    |ap_enable_reg_pp3_iter31        |   1|   0|    1|          0|
    |ap_enable_reg_pp3_iter32        |   1|   0|    1|          0|
    |ap_enable_reg_pp3_iter33        |   1|   0|    1|          0|
    |ap_enable_reg_pp3_iter34        |   1|   0|    1|          0|
    |ap_enable_reg_pp3_iter35        |   1|   0|    1|          0|
    |ap_enable_reg_pp3_iter36        |   1|   0|    1|          0|
    |ap_enable_reg_pp3_iter37        |   1|   0|    1|          0|
    |ap_enable_reg_pp3_iter38        |   1|   0|    1|          0|
    |ap_enable_reg_pp3_iter39        |   1|   0|    1|          0|
    |ap_enable_reg_pp3_iter4         |   1|   0|    1|          0|
    |ap_enable_reg_pp3_iter40        |   1|   0|    1|          0|
    |ap_enable_reg_pp3_iter41        |   1|   0|    1|          0|
    |ap_enable_reg_pp3_iter42        |   1|   0|    1|          0|
    |ap_enable_reg_pp3_iter43        |   1|   0|    1|          0|
    |ap_enable_reg_pp3_iter44        |   1|   0|    1|          0|
    |ap_enable_reg_pp3_iter45        |   1|   0|    1|          0|
    |ap_enable_reg_pp3_iter46        |   1|   0|    1|          0|
    |ap_enable_reg_pp3_iter47        |   1|   0|    1|          0|
    |ap_enable_reg_pp3_iter48        |   1|   0|    1|          0|
    |ap_enable_reg_pp3_iter49        |   1|   0|    1|          0|
    |ap_enable_reg_pp3_iter5         |   1|   0|    1|          0|
    |ap_enable_reg_pp3_iter50        |   1|   0|    1|          0|
    |ap_enable_reg_pp3_iter51        |   1|   0|    1|          0|
    |ap_enable_reg_pp3_iter52        |   1|   0|    1|          0|
    |ap_enable_reg_pp3_iter53        |   1|   0|    1|          0|
    |ap_enable_reg_pp3_iter6         |   1|   0|    1|          0|
    |ap_enable_reg_pp3_iter7         |   1|   0|    1|          0|
    |ap_enable_reg_pp3_iter8         |   1|   0|    1|          0|
    |ap_enable_reg_pp3_iter9         |   1|   0|    1|          0|
    |exitcond1_reg_2413              |   1|   0|    1|          0|
    |exitcond2_reg_2478              |   1|   0|    1|          0|
    |exitcond3_reg_2548              |   1|   0|    1|          0|
    |exp_tmp_V_1_reg_2498            |  11|   0|   11|          0|
    |exp_tmp_V_2_reg_2568            |  11|   0|   11|          0|
    |exp_tmp_V_reg_2428              |  11|   0|   11|          0|
    |i_11_reg_2726                   |   6|   0|    6|          0|
    |i_1_reg_376                     |   7|   0|    7|          0|
    |i_2_reg_387                     |   8|   0|    8|          0|
    |i_3_reg_398                     |   6|   0|    6|          0|
    |i_4_reg_421                     |   6|   0|    6|          0|
    |i_5_reg_492                     |   6|   0|    6|          0|
    |i_6_reg_2417                    |   6|   0|    6|          0|
    |i_8_reg_2673                    |   6|   0|    6|          0|
    |i_reg_364                       |   6|   0|    6|          0|
    |icmp2_reg_2661                  |   1|   0|    1|          0|
    |in_stream_data_0_payload_A      |  32|   0|   32|          0|
    |in_stream_data_0_payload_B      |  32|   0|   32|          0|
    |in_stream_data_0_sel_rd         |   1|   0|    1|          0|
    |in_stream_data_0_sel_wr         |   1|   0|    1|          0|
    |in_stream_data_0_state          |   2|   0|    2|          0|
    |in_stream_last_0_state          |   2|   0|    2|          0|
    |is_neg_1_reg_2858               |   1|   0|    1|          0|
    |is_neg_2_reg_2878               |   1|   0|    1|          0|
    |is_neg_3_reg_2898               |   1|   0|    1|          0|
    |is_neg_4_reg_2918               |   1|   0|    1|          0|
    |is_neg_5_reg_2938               |   1|   0|    1|          0|
    |is_neg_reg_2698                 |   1|   0|    1|          0|
    |isneg_1_reg_2492                |   1|   0|    1|          0|
    |isneg_1_reg_2492_pp1_iter2_reg  |   1|   0|    1|          0|
    |isneg_2_reg_2562                |   1|   0|    1|          0|
    |isneg_2_reg_2562_pp2_iter2_reg  |   1|   0|    1|          0|
    |isneg_reg_2422                  |   1|   0|    1|          0|
    |isneg_reg_2422_pp0_iter2_reg    |   1|   0|    1|          0|
    |man_V_2_reg_2444                |  54|   0|   54|          0|
    |man_V_5_reg_2514                |  54|   0|   54|          0|
    |man_V_8_reg_2584                |  54|   0|   54|          0|
    |p_Val2_11_reg_2798              |  32|   0|   32|          0|
    |p_Val2_13_reg_2803              |  32|   0|   32|          0|
    |p_Val2_15_reg_2823              |  32|   0|   32|          0|
    |p_Val2_17_reg_2828              |  32|   0|   32|          0|
    |p_Val2_19_reg_2843              |  32|   0|   32|          0|
    |p_Val2_32_reg_432               |  32|   0|   32|          0|
    |p_Val2_3_reg_468                |  32|   0|   32|          0|
    |p_Val2_4_reg_480                |  32|   0|   32|          0|
    |p_Val2_6_reg_409                |  32|   0|   32|          0|
    |p_Val2_8_reg_444                |  32|   0|   32|          0|
    |p_Val2_9_reg_456                |  32|   0|   32|          0|
    |reg_527                         |  32|   0|   32|          0|
    |reg_532                         |  32|   0|   32|          0|
    |sel_tmp12_reg_2536              |   1|   0|    1|          0|
    |sel_tmp17_reg_2542              |   1|   0|    1|          0|
    |sel_tmp21_reg_2606              |   1|   0|    1|          0|
    |sel_tmp26_reg_2612              |   1|   0|    1|          0|
    |sel_tmp4_reg_2472               |   1|   0|    1|          0|
    |sel_tmp7_reg_2466               |   1|   0|    1|          0|
    |sh_amt_1_reg_2519               |  12|   0|   12|          0|
    |sh_amt_2_reg_2589               |  12|   0|   12|          0|
    |sh_amt_reg_2449                 |  12|   0|   12|          0|
    |smooth_grad_V_load_reg_2776     |  32|   0|   32|          0|
    |tmp32_V_14_reg_2903             |  32|   0|   32|          0|
    |tmp32_V_18_reg_2923             |  32|   0|   32|          0|
    |tmp32_V_1_reg_2703              |  32|   0|   32|          0|
    |tmp32_V_23_reg_2943             |  32|   0|   32|          0|
    |tmp32_V_24_reg_2713             |  32|   0|   32|          0|
    |tmp32_V_25_reg_2953             |  32|   0|   32|          0|
    |tmp32_V_26_reg_2963             |  32|   0|   32|          0|
    |tmp32_V_27_reg_2973             |  32|   0|   32|          0|
    |tmp32_V_28_reg_2983             |  32|   0|   32|          0|
    |tmp32_V_29_reg_2993             |  32|   0|   32|          0|
    |tmp32_V_3_reg_2863              |  32|   0|   32|          0|
    |tmp32_V_7_reg_2883              |  32|   0|   32|          0|
    |tmp_100_reg_2998                |   1|   0|    1|          0|
    |tmp_10_reg_2482                 |   7|   0|    7|          0|
    |tmp_111_reg_2651                |   1|   0|    1|          0|
    |tmp_114_reg_2708                |   8|   0|    8|          0|
    |tmp_116_reg_2868                |   8|   0|    8|          0|
    |tmp_118_reg_2888                |   8|   0|    8|          0|
    |tmp_120_reg_2908                |   8|   0|    8|          0|
    |tmp_122_reg_2928                |   8|   0|    8|          0|
    |tmp_124_reg_2948                |   8|   0|    8|          0|
    |tmp_16_reg_2508                 |   1|   0|    1|          0|
    |tmp_16_reg_2508_pp1_iter2_reg   |   1|   0|    1|          0|
    |tmp_22_reg_2525                 |   1|   0|    1|          0|
    |tmp_23_reg_2433                 |  52|   0|   52|          0|
    |tmp_25_reg_2460                 |  32|   0|   32|          0|
    |tmp_26_reg_2552                 |   8|   0|    8|          0|
    |tmp_2_reg_2438                  |   1|   0|    1|          0|
    |tmp_2_reg_2438_pp0_iter2_reg    |   1|   0|    1|          0|
    |tmp_32_reg_2578                 |   1|   0|    1|          0|
    |tmp_32_reg_2578_pp2_iter2_reg   |   1|   0|    1|          0|
    |tmp_40_reg_2595                 |   1|   0|    1|          0|
    |tmp_46_reg_2627                 |   6|   0|   64|         58|
    |tmp_49_reg_2503                 |  52|   0|   52|          0|
    |tmp_51_reg_2530                 |  32|   0|   32|          0|
    |tmp_57_reg_2693                 |   1|   0|    1|          0|
    |tmp_58_reg_2683                 |  32|   0|   32|          0|
    |tmp_59_reg_2718                 |   1|   0|    1|          0|
    |tmp_65_reg_2853                 |   1|   0|    1|          0|
    |tmp_66_reg_2751                 |  32|   0|   32|          0|
    |tmp_67_reg_2958                 |   1|   0|    1|          0|
    |tmp_72_reg_2873                 |   1|   0|    1|          0|
    |tmp_73_reg_2756                 |  32|   0|   32|          0|
    |tmp_74_reg_2968                 |   1|   0|    1|          0|
    |tmp_78_reg_2893                 |   1|   0|    1|          0|
    |tmp_79_reg_2761                 |  32|   0|   32|          0|
    |tmp_81_reg_2978                 |   1|   0|    1|          0|
    |tmp_82_reg_2741                 |   6|   0|    6|          0|
    |tmp_88_reg_2573                 |  52|   0|   52|          0|
    |tmp_90_reg_2913                 |   1|   0|    1|          0|
    |tmp_91_reg_2766                 |  32|   0|   32|          0|
    |tmp_93_reg_2988                 |   1|   0|    1|          0|
    |tmp_97_reg_2600                 |  32|   0|   32|          0|
    |tmp_98_reg_2933                 |   1|   0|    1|          0|
    |tmp_99_reg_2771                 |  32|   0|   32|          0|
    |tmp_9_reg_2455                  |   1|   0|    1|          0|
    |w1_temp_V_reg_2813              |  32|   0|   32|          0|
    |w2_temp_V_reg_2818              |  32|   0|   32|          0|
    |w3_temp_V_reg_2833              |  32|   0|   32|          0|
    |w4_temp_V_reg_2838              |  32|   0|   32|          0|
    |exitcond1_reg_2413              |  64|  32|    1|          0|
    |exitcond2_reg_2478              |  64|  32|    1|          0|
    |exitcond3_reg_2548              |  64|  32|    1|          0|
    |i_reg_364                       |  64|  32|    6|          0|
    |icmp2_reg_2661                  |  64|  64|    1|          0|
    |tmp_10_reg_2482                 |  64|  32|    7|          0|
    |tmp_26_reg_2552                 |  64|  32|    8|          0|
    |tmp_46_reg_2627                 |  64|  64|   64|         58|
    +--------------------------------+----+----+-----+-----------+
    |Total                           |2572| 320| 2207|        116|
    +--------------------------------+----+----+-----+-----------+



================================================================
== Interface
================================================================
* Summary: 
+------------------------+-----+-----+--------------+----------------+--------------+
|        RTL Ports       | Dir | Bits|   Protocol   |  Source Object |    C Type    |
+------------------------+-----+-----+--------------+----------------+--------------+
|s_axi_AXILiteS_AWVALID  |  in |    1|     s_axi    |    AXILiteS    |    pointer   |
|s_axi_AXILiteS_AWREADY  | out |    1|     s_axi    |    AXILiteS    |    pointer   |
|s_axi_AXILiteS_AWADDR   |  in |    6|     s_axi    |    AXILiteS    |    pointer   |
|s_axi_AXILiteS_WVALID   |  in |    1|     s_axi    |    AXILiteS    |    pointer   |
|s_axi_AXILiteS_WREADY   | out |    1|     s_axi    |    AXILiteS    |    pointer   |
|s_axi_AXILiteS_WDATA    |  in |   32|     s_axi    |    AXILiteS    |    pointer   |
|s_axi_AXILiteS_WSTRB    |  in |    4|     s_axi    |    AXILiteS    |    pointer   |
|s_axi_AXILiteS_ARVALID  |  in |    1|     s_axi    |    AXILiteS    |    pointer   |
|s_axi_AXILiteS_ARREADY  | out |    1|     s_axi    |    AXILiteS    |    pointer   |
|s_axi_AXILiteS_ARADDR   |  in |    6|     s_axi    |    AXILiteS    |    pointer   |
|s_axi_AXILiteS_RVALID   | out |    1|     s_axi    |    AXILiteS    |    pointer   |
|s_axi_AXILiteS_RREADY   |  in |    1|     s_axi    |    AXILiteS    |    pointer   |
|s_axi_AXILiteS_RDATA    | out |   32|     s_axi    |    AXILiteS    |    pointer   |
|s_axi_AXILiteS_RRESP    | out |    2|     s_axi    |    AXILiteS    |    pointer   |
|s_axi_AXILiteS_BVALID   | out |    1|     s_axi    |    AXILiteS    |    pointer   |
|s_axi_AXILiteS_BREADY   |  in |    1|     s_axi    |    AXILiteS    |    pointer   |
|s_axi_AXILiteS_BRESP    | out |    2|     s_axi    |    AXILiteS    |    pointer   |
|ap_clk                  |  in |    1| ap_ctrl_none |  backward_lite | return value |
|ap_rst_n                |  in |    1| ap_ctrl_none |  backward_lite | return value |
|in_stream_TDATA         |  in |   32|     axis     | in_stream_data |    pointer   |
|in_stream_TVALID        |  in |    1|     axis     | in_stream_last |    pointer   |
|in_stream_TREADY        | out |    1|     axis     | in_stream_last |    pointer   |
|in_stream_TLAST         |  in |    1|     axis     | in_stream_last |    pointer   |
+------------------------+-----+-----+--------------+----------------+--------------+

